Arguments: 
  /usr/local/bin/node /usr/local/bin/yarn start

PATH: 
  /Users/Qolzam/.rvm/gems/ruby-2.4.1/bin:/Users/Qolzam/.rvm/gems/ruby-2.4.1@global/bin:/Users/Qolzam/.rvm/rubies/ruby-2.4.1/bin:/usr/local/bin:/usr/bin:/bin:/usr/sbin:/sbin:/usr/local/share/dotnet:/opt/X11/bin:~/.dotnet/tools:/Library/Frameworks/Mono.framework/Versions/Current/Commands:/usr/local/CrossPack-AVR/bin:/usr/local/git/bin:/Applications/Xamarin Workbooks.app/Contents/SharedSupport/path-bin:/Users/Qolzam/.rvm/gems/ruby-2.4.1/bin:/Users/Qolzam/.rvm/gems/ruby-2.4.1@global/bin:/Users/Qolzam/.rvm/rubies/ruby-2.4.1/bin:/Users/Qolzam/.rvm/bin

Yarn version: 
  1.5.1

Node version: 
  10.1.0

Platform: 
  darwin x64

npm manifest: 
  No manifest

yarn manifest: 
  No manifest

Lockfile: 
  No lockfile

Trace: 
  Error: Couldn't find a package.json file in "/Users/Qolzam/projects/red-gold/red-gold-web"
      at new MessageError (/usr/local/lib/node_modules/yarn/lib/cli.js:186:110)
      at /usr/local/lib/node_modules/yarn/lib/cli.js:40048:15
      at Generator.next (<anonymous>)
      at step (/usr/local/lib/node_modules/yarn/lib/cli.js:98:30)
      at /usr/local/lib/node_modules/yarn/lib/cli.js:109:13
